D:\MYPROJECTS\FROMGITCAFE\CPPPRIMERPLUSCODES\CPPPRIMERPLUSCODES\DEBUG\CHAPTER4.OBJ
D:\MYPROJECTS\FROMGITCAFE\CPPPRIMERPLUSCODES\CPPPRIMERPLUSCODES\DEBUG\CHAPTER5.OBJ
D:\MyProjects\FromGitCafe\CppPrimerPlusCodes\CppPrimerPlusCodes\Debug\cl.command.1.tlog
D:\MyProjects\FromGitCafe\CppPrimerPlusCodes\CppPrimerPlusCodes\Debug\CL.read.1.tlog
D:\MyProjects\FromGitCafe\CppPrimerPlusCodes\CppPrimerPlusCodes\Debug\CL.write.1.tlog
D:\MYPROJECTS\FROMGITCAFE\CPPPRIMERPLUSCODES\CPPPRIMERPLUSCODES\DEBUG\CODESENTRY.OBJ
D:\MYPROJECTS\FROMGITCAFE\CPPPRIMERPLUSCODES\CPPPRIMERPLUSCODES\DEBUG\CPPPRIMERPLUSCODES.EXE.EMBED.MANIFEST
D:\MYPROJECTS\FROMGITCAFE\CPPPRIMERPLUSCODES\CPPPRIMERPLUSCODES\DEBUG\CPPPRIMERPLUSCODES.EXE.EMBED.MANIFEST.RES
D:\MYPROJECTS\FROMGITCAFE\CPPPRIMERPLUSCODES\CPPPRIMERPLUSCODES\DEBUG\CPPPRIMERPLUSCODES.EXE.INTERMEDIATE.MANIFEST
D:\MYPROJECTS\FROMGITCAFE\CPPPRIMERPLUSCODES\CPPPRIMERPLUSCODES\DEBUG\CPPPRIMERPLUSCODES.OBJ
D:\MyProjects\FromGitCafe\CppPrimerPlusCodes\CppPrimerPlusCodes\Debug\CppPrimerPlusCodes_manifest.rc
D:\MyProjects\FromGitCafe\CppPrimerPlusCodes\CppPrimerPlusCodes\Debug\link.14292.read.1.tlog
D:\MyProjects\FromGitCafe\CppPrimerPlusCodes\CppPrimerPlusCodes\Debug\link.14292.write.1.tlog
D:\MyProjects\FromGitCafe\CppPrimerPlusCodes\CppPrimerPlusCodes\Debug\link.14292-cvtres.read.1.tlog
D:\MyProjects\FromGitCafe\CppPrimerPlusCodes\CppPrimerPlusCodes\Debug\link.14292-cvtres.write.1.tlog
D:\MyProjects\FromGitCafe\CppPrimerPlusCodes\CppPrimerPlusCodes\Debug\link.command.1.tlog
D:\MyProjects\FromGitCafe\CppPrimerPlusCodes\CppPrimerPlusCodes\Debug\link.read.1.tlog
D:\MyProjects\FromGitCafe\CppPrimerPlusCodes\CppPrimerPlusCodes\Debug\link.write.1.tlog
D:\MyProjects\FromGitCafe\CppPrimerPlusCodes\CppPrimerPlusCodes\Debug\link-cvtres.read.1.tlog
D:\MyProjects\FromGitCafe\CppPrimerPlusCodes\CppPrimerPlusCodes\Debug\link-cvtres.write.1.tlog
D:\MyProjects\FromGitCafe\CppPrimerPlusCodes\CppPrimerPlusCodes\Debug\mt.command.1.tlog
D:\MyProjects\FromGitCafe\CppPrimerPlusCodes\CppPrimerPlusCodes\Debug\mt.read.1.tlog
D:\MyProjects\FromGitCafe\CppPrimerPlusCodes\CppPrimerPlusCodes\Debug\mt.write.1.tlog
D:\MyProjects\FromGitCafe\CppPrimerPlusCodes\CppPrimerPlusCodes\Debug\rc.command.1.tlog
D:\MyProjects\FromGitCafe\CppPrimerPlusCodes\CppPrimerPlusCodes\Debug\rc.read.1.tlog
D:\MyProjects\FromGitCafe\CppPrimerPlusCodes\CppPrimerPlusCodes\Debug\rc.write.1.tlog
D:\MyProjects\FromGitCafe\CppPrimerPlusCodes\CppPrimerPlusCodes\Debug\vc100.idb
D:\MYPROJECTS\FROMGITCAFE\CPPPRIMERPLUSCODES\CPPPRIMERPLUSCODES\DEBUG\VC100.PDB
D:\MYPROJECTS\FROMGITCAFE\CPPPRIMERPLUSCODES\DEBUG\CPPPRIMERPLUSCODES.EXE
D:\MYPROJECTS\FROMGITCAFE\CPPPRIMERPLUSCODES\DEBUG\CPPPRIMERPLUSCODES.ILK
D:\MYPROJECTS\FROMGITCAFE\CPPPRIMERPLUSCODES\DEBUG\CPPPRIMERPLUSCODES.PDB
